#! /usr/bin/vvp
:ivl_version "11.0 (stable)";
:ivl_delay_selection "TYPICAL";
:vpi_time_precision + 0;
:vpi_module "/usr/lib/x86_64-linux-gnu/ivl/system.vpi";
:vpi_module "/usr/lib/x86_64-linux-gnu/ivl/vhdl_sys.vpi";
:vpi_module "/usr/lib/x86_64-linux-gnu/ivl/vhdl_textio.vpi";
:vpi_module "/usr/lib/x86_64-linux-gnu/ivl/v2005_math.vpi";
:vpi_module "/usr/lib/x86_64-linux-gnu/ivl/va_math.vpi";
S_0x56049d8d8a40 .scope module, "tb_ripple_carry_adder" "tb_ripple_carry_adder" 2 1;
 .timescale 0 0;
v0x56049d8fae00_0 .var "a", 3 0;
v0x56049d8faee0_0 .var "b", 3 0;
v0x56049d8faf80_0 .var "cin", 0 0;
o0x7fa7a9c8cb28 .functor BUFZ 1, C4<z>; HiZ drive
v0x56049d8fb050_0 .net "cout", 0 0, o0x7fa7a9c8cb28;  0 drivers
v0x56049d8fb0f0_0 .net "sum", 3 0, L_0x56049d8fd430;  1 drivers
S_0x56049d8d8bd0 .scope module, "dut" "Ripple_carry_adder" 2 8, 3 1 0, S_0x56049d8d8a40;
 .timescale 0 0;
    .port_info 0 /INPUT 4 "a";
    .port_info 1 /INPUT 4 "b";
    .port_info 2 /INPUT 1 "cin";
    .port_info 3 /OUTPUT 4 "sum";
    .port_info 4 /OUTPUT 1 "cout";
v0x56049d8fa5a0_0 .net "a", 3 0, v0x56049d8fae00_0;  1 drivers
v0x56049d8fa6a0_0 .net "b", 3 0, v0x56049d8faee0_0;  1 drivers
v0x56049d8fa780_0 .net "c1", 0 0, L_0x56049d8fb780;  1 drivers
v0x56049d8fa820_0 .net "c2", 0 0, L_0x56049d8fbfd0;  1 drivers
v0x56049d8fa910_0 .net "c3", 0 0, L_0x56049d8fc7b0;  1 drivers
v0x56049d8faa50_0 .net "c4", 0 0, L_0x56049d8fd020;  1 drivers
v0x56049d8faaf0_0 .net "cin", 0 0, v0x56049d8faf80_0;  1 drivers
v0x56049d8fab90_0 .net "cout", 0 0, o0x7fa7a9c8cb28;  alias, 0 drivers
v0x56049d8fac30_0 .net "sum", 3 0, L_0x56049d8fd430;  alias, 1 drivers
L_0x56049d8fb890 .part v0x56049d8fae00_0, 0, 1;
L_0x56049d8fb9c0 .part v0x56049d8faee0_0, 0, 1;
L_0x56049d8fc0e0 .part v0x56049d8fae00_0, 1, 1;
L_0x56049d8fc210 .part v0x56049d8faee0_0, 1, 1;
L_0x56049d8fc8c0 .part v0x56049d8fae00_0, 2, 1;
L_0x56049d8fca80 .part v0x56049d8faee0_0, 2, 1;
L_0x56049d8fd180 .part v0x56049d8fae00_0, 3, 1;
L_0x56049d8fd2b0 .part v0x56049d8faee0_0, 3, 1;
L_0x56049d8fd430 .concat8 [ 1 1 1 1], L_0x56049d8fb2e0, L_0x56049d8fbb60, L_0x56049d8fc3e0, L_0x56049d8fccf0;
S_0x56049d8da440 .scope module, "inst1" "full_adder" 3 12, 3 21 0, S_0x56049d8d8bd0;
 .timescale 0 0;
    .port_info 0 /INPUT 1 "a";
    .port_info 1 /INPUT 1 "b";
    .port_info 2 /INPUT 1 "cin";
    .port_info 3 /OUTPUT 1 "sum";
    .port_info 4 /OUTPUT 1 "cout";
L_0x56049d8fb1e0 .functor XOR 1, L_0x56049d8fb890, L_0x56049d8fb9c0, C4<0>, C4<0>;
L_0x56049d8fb2e0 .functor XOR 1, L_0x56049d8fb1e0, v0x56049d8faf80_0, C4<0>, C4<0>;
L_0x56049d8fb3d0 .functor AND 1, L_0x56049d8fb890, L_0x56049d8fb9c0, C4<1>, C4<1>;
L_0x56049d8fb4e0 .functor AND 1, L_0x56049d8fb9c0, v0x56049d8faf80_0, C4<1>, C4<1>;
L_0x56049d8fb610 .functor OR 1, L_0x56049d8fb3d0, L_0x56049d8fb4e0, C4<0>, C4<0>;
L_0x56049d8fb6d0 .functor AND 1, v0x56049d8faf80_0, L_0x56049d8fb890, C4<1>, C4<1>;
L_0x56049d8fb780 .functor OR 1, L_0x56049d8fb610, L_0x56049d8fb6d0, C4<0>, C4<0>;
v0x56049d8d0400_0 .net *"_ivl_0", 0 0, L_0x56049d8fb1e0;  1 drivers
v0x56049d8cdbd0_0 .net *"_ivl_10", 0 0, L_0x56049d8fb6d0;  1 drivers
v0x56049d8cb3a0_0 .net *"_ivl_4", 0 0, L_0x56049d8fb3d0;  1 drivers
v0x56049d8c8b40_0 .net *"_ivl_6", 0 0, L_0x56049d8fb4e0;  1 drivers
v0x56049d8f7f00_0 .net *"_ivl_8", 0 0, L_0x56049d8fb610;  1 drivers
v0x56049d8f8030_0 .net "a", 0 0, L_0x56049d8fb890;  1 drivers
v0x56049d8f80f0_0 .net "b", 0 0, L_0x56049d8fb9c0;  1 drivers
v0x56049d8f81b0_0 .net "cin", 0 0, v0x56049d8faf80_0;  alias, 1 drivers
v0x56049d8f8270_0 .net "cout", 0 0, L_0x56049d8fb780;  alias, 1 drivers
v0x56049d8f8330_0 .net "sum", 0 0, L_0x56049d8fb2e0;  1 drivers
S_0x56049d8f8490 .scope module, "inst2" "full_adder" 3 13, 3 21 0, S_0x56049d8d8bd0;
 .timescale 0 0;
    .port_info 0 /INPUT 1 "a";
    .port_info 1 /INPUT 1 "b";
    .port_info 2 /INPUT 1 "cin";
    .port_info 3 /OUTPUT 1 "sum";
    .port_info 4 /OUTPUT 1 "cout";
L_0x56049d8fbaf0 .functor XOR 1, L_0x56049d8fc0e0, L_0x56049d8fc210, C4<0>, C4<0>;
L_0x56049d8fbb60 .functor XOR 1, L_0x56049d8fbaf0, L_0x56049d8fb780, C4<0>, C4<0>;
L_0x56049d8fbcb0 .functor AND 1, L_0x56049d8fc0e0, L_0x56049d8fc210, C4<1>, C4<1>;
L_0x56049d8fbd70 .functor AND 1, L_0x56049d8fc210, L_0x56049d8fb780, C4<1>, C4<1>;
L_0x56049d8fbe10 .functor OR 1, L_0x56049d8fbcb0, L_0x56049d8fbd70, C4<0>, C4<0>;
L_0x56049d8fbf20 .functor AND 1, L_0x56049d8fb780, L_0x56049d8fc0e0, C4<1>, C4<1>;
L_0x56049d8fbfd0 .functor OR 1, L_0x56049d8fbe10, L_0x56049d8fbf20, C4<0>, C4<0>;
v0x56049d8f8640_0 .net *"_ivl_0", 0 0, L_0x56049d8fbaf0;  1 drivers
v0x56049d8f8720_0 .net *"_ivl_10", 0 0, L_0x56049d8fbf20;  1 drivers
v0x56049d8f8800_0 .net *"_ivl_4", 0 0, L_0x56049d8fbcb0;  1 drivers
v0x56049d8f88c0_0 .net *"_ivl_6", 0 0, L_0x56049d8fbd70;  1 drivers
v0x56049d8f89a0_0 .net *"_ivl_8", 0 0, L_0x56049d8fbe10;  1 drivers
v0x56049d8f8ad0_0 .net "a", 0 0, L_0x56049d8fc0e0;  1 drivers
v0x56049d8f8b90_0 .net "b", 0 0, L_0x56049d8fc210;  1 drivers
v0x56049d8f8c50_0 .net "cin", 0 0, L_0x56049d8fb780;  alias, 1 drivers
v0x56049d8f8cf0_0 .net "cout", 0 0, L_0x56049d8fbfd0;  alias, 1 drivers
v0x56049d8f8d90_0 .net "sum", 0 0, L_0x56049d8fbb60;  1 drivers
S_0x56049d8f8ef0 .scope module, "inst3" "full_adder" 3 14, 3 21 0, S_0x56049d8d8bd0;
 .timescale 0 0;
    .port_info 0 /INPUT 1 "a";
    .port_info 1 /INPUT 1 "b";
    .port_info 2 /INPUT 1 "cin";
    .port_info 3 /OUTPUT 1 "sum";
    .port_info 4 /OUTPUT 1 "cout";
L_0x56049d8fc370 .functor XOR 1, L_0x56049d8fc8c0, L_0x56049d8fca80, C4<0>, C4<0>;
L_0x56049d8fc3e0 .functor XOR 1, L_0x56049d8fc370, L_0x56049d8fbfd0, C4<0>, C4<0>;
L_0x56049d8fc4e0 .functor AND 1, L_0x56049d8fc8c0, L_0x56049d8fca80, C4<1>, C4<1>;
L_0x56049d8fc550 .functor AND 1, L_0x56049d8fca80, L_0x56049d8fbfd0, C4<1>, C4<1>;
L_0x56049d8fc5f0 .functor OR 1, L_0x56049d8fc4e0, L_0x56049d8fc550, C4<0>, C4<0>;
L_0x56049d8fc700 .functor AND 1, L_0x56049d8fbfd0, L_0x56049d8fc8c0, C4<1>, C4<1>;
L_0x56049d8fc7b0 .functor OR 1, L_0x56049d8fc5f0, L_0x56049d8fc700, C4<0>, C4<0>;
v0x56049d8f90b0_0 .net *"_ivl_0", 0 0, L_0x56049d8fc370;  1 drivers
v0x56049d8f9190_0 .net *"_ivl_10", 0 0, L_0x56049d8fc700;  1 drivers
v0x56049d8f9270_0 .net *"_ivl_4", 0 0, L_0x56049d8fc4e0;  1 drivers
v0x56049d8f9360_0 .net *"_ivl_6", 0 0, L_0x56049d8fc550;  1 drivers
v0x56049d8f9440_0 .net *"_ivl_8", 0 0, L_0x56049d8fc5f0;  1 drivers
v0x56049d8f9570_0 .net "a", 0 0, L_0x56049d8fc8c0;  1 drivers
v0x56049d8f9630_0 .net "b", 0 0, L_0x56049d8fca80;  1 drivers
v0x56049d8f96f0_0 .net "cin", 0 0, L_0x56049d8fbfd0;  alias, 1 drivers
v0x56049d8f9790_0 .net "cout", 0 0, L_0x56049d8fc7b0;  alias, 1 drivers
v0x56049d8f98c0_0 .net "sum", 0 0, L_0x56049d8fc3e0;  1 drivers
S_0x56049d8f9a50 .scope module, "inst4" "full_adder" 3 15, 3 21 0, S_0x56049d8d8bd0;
 .timescale 0 0;
    .port_info 0 /INPUT 1 "a";
    .port_info 1 /INPUT 1 "b";
    .port_info 2 /INPUT 1 "cin";
    .port_info 3 /OUTPUT 1 "sum";
    .port_info 4 /OUTPUT 1 "cout";
L_0x56049d8fcc80 .functor XOR 1, L_0x56049d8fd180, L_0x56049d8fd2b0, C4<0>, C4<0>;
L_0x56049d8fccf0 .functor XOR 1, L_0x56049d8fcc80, L_0x56049d8fc7b0, C4<0>, C4<0>;
L_0x56049d8fcdf0 .functor AND 1, L_0x56049d8fd180, L_0x56049d8fd2b0, C4<1>, C4<1>;
L_0x56049d8fce60 .functor AND 1, L_0x56049d8fd2b0, L_0x56049d8fc7b0, C4<1>, C4<1>;
L_0x56049d8fcf00 .functor OR 1, L_0x56049d8fcdf0, L_0x56049d8fce60, C4<0>, C4<0>;
L_0x56049d8fcf70 .functor AND 1, L_0x56049d8fc7b0, L_0x56049d8fd180, C4<1>, C4<1>;
L_0x56049d8fd020 .functor OR 1, L_0x56049d8fcf00, L_0x56049d8fcf70, C4<0>, C4<0>;
v0x56049d8f9be0_0 .net *"_ivl_0", 0 0, L_0x56049d8fcc80;  1 drivers
v0x56049d8f9ce0_0 .net *"_ivl_10", 0 0, L_0x56049d8fcf70;  1 drivers
v0x56049d8f9dc0_0 .net *"_ivl_4", 0 0, L_0x56049d8fcdf0;  1 drivers
v0x56049d8f9eb0_0 .net *"_ivl_6", 0 0, L_0x56049d8fce60;  1 drivers
v0x56049d8f9f90_0 .net *"_ivl_8", 0 0, L_0x56049d8fcf00;  1 drivers
v0x56049d8fa0c0_0 .net "a", 0 0, L_0x56049d8fd180;  1 drivers
v0x56049d8fa180_0 .net "b", 0 0, L_0x56049d8fd2b0;  1 drivers
v0x56049d8fa240_0 .net "cin", 0 0, L_0x56049d8fc7b0;  alias, 1 drivers
v0x56049d8fa2e0_0 .net "cout", 0 0, L_0x56049d8fd020;  alias, 1 drivers
v0x56049d8fa410_0 .net "sum", 0 0, L_0x56049d8fccf0;  1 drivers
    .scope S_0x56049d8d8a40;
T_0 ;
    %vpi_call 2 17 "$dumpfile", "wave.vcd" {0 0 0};
    %vpi_call 2 18 "$dumpvars", 32'sb00000000000000000000000000000000, S_0x56049d8d8a40 {0 0 0};
    %pushi/vec4 3, 0, 4;
    %store/vec4 v0x56049d8fae00_0, 0, 4;
    %pushi/vec4 5, 0, 4;
    %store/vec4 v0x56049d8faee0_0, 0, 4;
    %pushi/vec4 0, 0, 1;
    %store/vec4 v0x56049d8faf80_0, 0, 1;
    %delay 10, 0;
    %pushi/vec4 15, 0, 4;
    %store/vec4 v0x56049d8fae00_0, 0, 4;
    %pushi/vec4 1, 0, 4;
    %store/vec4 v0x56049d8faee0_0, 0, 4;
    %pushi/vec4 0, 0, 1;
    %store/vec4 v0x56049d8faf80_0, 0, 1;
    %delay 10, 0;
    %pushi/vec4 7, 0, 4;
    %store/vec4 v0x56049d8fae00_0, 0, 4;
    %pushi/vec4 8, 0, 4;
    %store/vec4 v0x56049d8faee0_0, 0, 4;
    %pushi/vec4 1, 0, 1;
    %store/vec4 v0x56049d8faf80_0, 0, 1;
    %delay 10, 0;
    %vpi_call 2 24 "$finish" {0 0 0};
    %end;
    .thread T_0;
# The file index is used to find the file name in the following table.
:file_names 4;
    "N/A";
    "<interactive>";
    "tb_ripple_carry_adder.v";
    "Ripple_carry_adder.v";
